<?xml version="1.0" encoding="UTF-8"?>
<!-- Generated by org.testng.reporters.JUnitXMLReporter -->
<testsuite ignored="0" hostname="DESKTOP-RCMCRH0" failures="0" tests="3" name="Default test" time="135.079" errors="0" timestamp="2021-01-07T19:02:24 IST">
  <testcase classname="com.qa.testscripts.AmazonDDTDataProviderExcel" name="SearchItem" time="36.496"/>
  <testcase classname="com.qa.testscripts.AmazonDDTDataProviderExcel" name="SearchItem" time="24.317"/>
  <testcase classname="com.qa.testscripts.AmazonDDTDataProviderExcel" name="SearchItem" time="71.549"/>
</testsuite> <!-- Default test -->
