<?xml version="1.0" encoding="UTF-8"?>
<!-- Generated by org.testng.reporters.JUnitXMLReporter -->
<testsuite ignored="0" hostname="DESKTOP-RCMCRH0" failures="0" tests="2" name="Rediff Functional Tesing" time="153.736" errors="0" timestamp="2021-01-04T18:15:13 IST">
  <testcase classname="com.qa.testscripts.RediffNewRegistrationScript" name="ClickOnRegisterlink" time="110.577"/>
  <testcase classname="com.qa.testscripts.RediffNewRegistrationScript" name="SignInlInk" time="0.156"/>
</testsuite> <!-- Rediff Functional Tesing -->
