<?xml version="1.0" encoding="UTF-8"?>
<testng-results ignored="0" total="3" passed="3" failed="0" skipped="0">
  <reporter-output>
  </reporter-output>
  <suite started-at="2021-01-07T19:00:08 IST" name="Default suite" finished-at="2021-01-07T19:02:23 IST" duration-ms="135079">
    <groups>
    </groups>
    <test started-at="2021-01-07T19:00:08 IST" name="Default test" finished-at="2021-01-07T19:02:23 IST" duration-ms="135079">
      <class name="com.qa.testscripts.AmazonDDTDataProviderExcel">
        <test-method signature="SearchItem(java.lang.String, java.lang.String)[pri:0, instance:com.qa.testscripts.AmazonDDTDataProviderExcel@1eb5174b]" started-at="2021-01-07T19:00:10 IST" name="SearchItem" data-provider="testData" finished-at="2021-01-07T19:00:47 IST" duration-ms="36496" status="PASS">
          <params>
            <param index="0">
              <value>
                <![CDATA[Books]]>
              </value>
            </param>
            <param index="1">
              <value>
                <![CDATA[Da vinci code]]>
              </value>
            </param>
          </params>
          <reporter-output>
          </reporter-output>
        </test-method> <!-- SearchItem -->
        <test-method signature="SearchItem(java.lang.String, java.lang.String)[pri:0, instance:com.qa.testscripts.AmazonDDTDataProviderExcel@1eb5174b]" started-at="2021-01-07T19:00:47 IST" name="SearchItem" data-provider="testData" finished-at="2021-01-07T19:01:11 IST" duration-ms="24317" status="PASS">
          <params>
            <param index="0">
              <value>
                <![CDATA[Furniture]]>
              </value>
            </param>
            <param index="1">
              <value>
                <![CDATA[Wooden Tables]]>
              </value>
            </param>
          </params>
          <reporter-output>
          </reporter-output>
        </test-method> <!-- SearchItem -->
        <test-method signature="SearchItem(java.lang.String, java.lang.String)[pri:0, instance:com.qa.testscripts.AmazonDDTDataProviderExcel@1eb5174b]" started-at="2021-01-07T19:01:11 IST" name="SearchItem" data-provider="testData" finished-at="2021-01-07T19:02:23 IST" duration-ms="71549" status="PASS">
          <params>
            <param index="0">
              <value>
                <![CDATA[Electronics]]>
              </value>
            </param>
            <param index="1">
              <value>
                <![CDATA[Mobile phones]]>
              </value>
            </param>
          </params>
          <reporter-output>
          </reporter-output>
        </test-method> <!-- SearchItem -->
      </class> <!-- com.qa.testscripts.AmazonDDTDataProviderExcel -->
    </test> <!-- Default test -->
  </suite> <!-- Default suite -->
</testng-results>
